{"C:\\Users\\arthu\\Desktop\\Coding\\Seido-app\\emails\\components\\email-button.tsx": {"path":"C:\\Users\\arthu\\Desktop\\Coding\\Seido-app\\emails\\components\\email-button.tsx","statementMap":{"0":{"start":{"line":20,"column":27},"end":{"line":77,"column":null}},"1":{"start":{"line":22,"column":24},"end":{"line":38,"column":null}},"2":{"start":{"line":40,"column":16},"end":{"line":40,"column":null}},"3":{"start":{"line":42,"column":2},"end":{"line":75,"column":null}}},"fnMap":{"0":{"name":"(anonymous_0)","decl":{"start":{"line":20,"column":27},"end":{"line":20,"column":28}},"loc":{"start":{"line":20,"column":90},"end":{"line":77,"column":null}},"line":20}},"branchMap":{"0":{"loc":{"start":{"line":20,"column":46},"end":{"line":20,"column":66}},"type":"default-arg","locations":[{"start":{"line":20,"column":56},"end":{"line":20,"column":66}}],"line":20}},"s":{"0":1,"1":0,"2":0,"3":0},"f":{"0":0},"b":{"0":[0]},"meta":{"lastBranch":1,"lastFunction":1,"lastStatement":4,"seen":{"s:20:27:77:Infinity":0,"f:20:27:20:28":0,"b:20:56:20:66":0,"s:22:24:38:Infinity":1,"s:40:16:40:Infinity":2,"s:42:2:75:Infinity":3}}}
,"C:\\Users\\arthu\\Desktop\\Coding\\Seido-app\\emails\\components\\email-footer.tsx": {"path":"C:\\Users\\arthu\\Desktop\\Coding\\Seido-app\\emails\\components\\email-footer.tsx","statementMap":{"0":{"start":{"line":10,"column":27},"end":{"line":53,"column":null}},"1":{"start":{"line":11,"column":8},"end":{"line":11,"column":null}},"2":{"start":{"line":13,"column":2},"end":{"line":51,"column":null}}},"fnMap":{"0":{"name":"(anonymous_0)","decl":{"start":{"line":10,"column":27},"end":{"line":10,"column":33}},"loc":{"start":{"line":10,"column":33},"end":{"line":53,"column":null}},"line":10}},"branchMap":{},"s":{"0":1,"1":0,"2":0},"f":{"0":0},"b":{},"meta":{"lastBranch":0,"lastFunction":1,"lastStatement":3,"seen":{"s:10:27:53:Infinity":0,"f:10:27:10:33":0,"s:11:8:11:Infinity":1,"s:13:2:51:Infinity":2}}}
,"C:\\Users\\arthu\\Desktop\\Coding\\Seido-app\\emails\\components\\email-header.tsx": {"path":"C:\\Users\\arthu\\Desktop\\Coding\\Seido-app\\emails\\components\\email-header.tsx","statementMap":{"0":{"start":{"line":16,"column":27},"end":{"line":75,"column":null}},"1":{"start":{"line":20,"column":18},"end":{"line":20,"column":null}},"2":{"start":{"line":22,"column":2},"end":{"line":73,"column":null}}},"fnMap":{"0":{"name":"(anonymous_0)","decl":{"start":{"line":16,"column":27},"end":{"line":16,"column":28}},"loc":{"start":{"line":16,"column":62},"end":{"line":75,"column":null}},"line":16}},"branchMap":{},"s":{"0":1,"1":0,"2":0},"f":{"0":0},"b":{},"meta":{"lastBranch":0,"lastFunction":1,"lastStatement":3,"seen":{"s:16:27:75:Infinity":0,"f:16:27:16:28":0,"s:20:18:20:Infinity":1,"s:22:2:73:Infinity":2}}}
,"C:\\Users\\arthu\\Desktop\\Coding\\Seido-app\\emails\\components\\email-layout.tsx": {"path":"C:\\Users\\arthu\\Desktop\\Coding\\Seido-app\\emails\\components\\email-layout.tsx","statementMap":{"0":{"start":{"line":24,"column":27},"end":{"line":54,"column":null}},"1":{"start":{"line":25,"column":2},"end":{"line":52,"column":null}}},"fnMap":{"0":{"name":"(anonymous_0)","decl":{"start":{"line":24,"column":27},"end":{"line":24,"column":28}},"loc":{"start":{"line":24,"column":72},"end":{"line":54,"column":null}},"line":24}},"branchMap":{"0":{"loc":{"start":{"line":28,"column":7},"end":{"line":28,"column":null}},"type":"binary-expr","locations":[{"start":{"line":28,"column":7},"end":{"line":28,"column":18}},{"start":{"line":28,"column":18},"end":{"line":28,"column":null}}],"line":28}},"s":{"0":1,"1":0},"f":{"0":0},"b":{"0":[0,0]},"meta":{"lastBranch":1,"lastFunction":1,"lastStatement":2,"seen":{"s:24:27:54:Infinity":0,"f:24:27:24:28":0,"s:25:2:52:Infinity":1,"b:28:7:28:18:28:18:28:Infinity":0}}}
,"C:\\Users\\arthu\\Desktop\\Coding\\Seido-app\\emails\\templates\\interventions\\intervention-created.tsx": {"path":"C:\\Users\\arthu\\Desktop\\Coding\\Seido-app\\emails\\templates\\interventions\\intervention-created.tsx","statementMap":{"0":{"start":{"line":16,"column":40},"end":{"line":154,"column":null}},"1":{"start":{"line":29,"column":24},"end":{"line":34,"column":null}},"2":{"start":{"line":36,"column":17},"end":{"line":36,"column":null}},"3":{"start":{"line":37,"column":24},"end":{"line":44,"column":null}},"4":{"start":{"line":46,"column":2},"end":{"line":152,"column":null}},"5":{"start":{"line":157,"column":0},"end":{"line":169,"column":null}}},"fnMap":{"0":{"name":"(anonymous_0)","decl":{"start":{"line":16,"column":40},"end":{"line":16,"column":41}},"loc":{"start":{"line":27,"column":37},"end":{"line":154,"column":null}},"line":27}},"branchMap":{"0":{"loc":{"start":{"line":98,"column":15},"end":{"line":102,"column":null}},"type":"binary-expr","locations":[{"start":{"line":98,"column":15},"end":{"line":98,"column":null}},{"start":{"line":99,"column":16},"end":{"line":102,"column":null}}],"line":98}},"s":{"0":1,"1":4,"2":4,"3":4,"4":4,"5":1},"f":{"0":4},"b":{"0":[4,2]},"meta":{"lastBranch":1,"lastFunction":1,"lastStatement":6,"seen":{"s:16:40:154:Infinity":0,"f:16:40:16:41":0,"s:29:24:34:Infinity":1,"s:36:17:36:Infinity":2,"s:37:24:44:Infinity":3,"s:46:2:152:Infinity":4,"b:98:15:98:Infinity:99:16:102:Infinity":0,"s:157:0:169:Infinity":5}}}
,"C:\\Users\\arthu\\Desktop\\Coding\\Seido-app\\lib\\services\\domain\\email-notification.service.ts": {"path":"C:\\Users\\arthu\\Desktop\\Coding\\Seido-app\\lib\\services\\domain\\email-notification.service.ts","statementMap":{"0":{"start":{"line":89,"column":12},"end":{"line":89,"column":null}},"1":{"start":{"line":90,"column":12},"end":{"line":90,"column":null}},"2":{"start":{"line":91,"column":12},"end":{"line":91,"column":null}},"3":{"start":{"line":92,"column":12},"end":{"line":92,"column":null}},"4":{"start":{"line":93,"column":12},"end":{"line":93,"column":null}},"5":{"start":{"line":94,"column":12},"end":{"line":94,"column":null}},"6":{"start":{"line":108,"column":22},"end":{"line":108,"column":null}},"7":{"start":{"line":109,"column":4},"end":{"line":112,"column":null}},"8":{"start":{"line":114,"column":4},"end":{"line":244,"column":null}},"9":{"start":{"line":116,"column":6},"end":{"line":127,"column":null}},"10":{"start":{"line":117,"column":8},"end":{"line":120,"column":null}},"11":{"start":{"line":121,"column":8},"end":{"line":126,"column":null}},"12":{"start":{"line":130,"column":27},"end":{"line":130,"column":null}},"13":{"start":{"line":132,"column":6},"end":{"line":134,"column":null}},"14":{"start":{"line":133,"column":8},"end":{"line":133,"column":null}},"15":{"start":{"line":137,"column":25},"end":{"line":140,"column":null}},"16":{"start":{"line":142,"column":6},"end":{"line":153,"column":null}},"17":{"start":{"line":143,"column":8},"end":{"line":146,"column":null}},"18":{"start":{"line":147,"column":8},"end":{"line":152,"column":null}},"19":{"start":{"line":155,"column":6},"end":{"line":158,"column":null}},"20":{"start":{"line":161,"column":28},"end":{"line":211,"column":null}},"21":{"start":{"line":162,"column":8},"end":{"line":210,"column":null}},"22":{"start":{"line":164,"column":60},"end":{"line":178,"column":null}},"23":{"start":{"line":181,"column":25},"end":{"line":190,"column":null}},"24":{"start":{"line":192,"column":10},"end":{"line":198,"column":null}},"25":{"start":{"line":200,"column":10},"end":{"line":203,"column":null}},"26":{"start":{"line":204,"column":10},"end":{"line":209,"column":null}},"27":{"start":{"line":214,"column":22},"end":{"line":214,"column":null}},"28":{"start":{"line":217,"column":24},"end":{"line":217,"column":null}},"29":{"start":{"line":217,"column":46},"end":{"line":217,"column":55}},"30":{"start":{"line":218,"column":26},"end":{"line":218,"column":null}},"31":{"start":{"line":218,"column":48},"end":{"line":218,"column":58}},"32":{"start":{"line":219,"column":21},"end":{"line":219,"column":null}},"33":{"start":{"line":221,"column":6},"end":{"line":224,"column":null}},"34":{"start":{"line":226,"column":6},"end":{"line":231,"column":null}},"35":{"start":{"line":233,"column":21},"end":{"line":233,"column":null}},"36":{"start":{"line":234,"column":6},"end":{"line":237,"column":null}},"37":{"start":{"line":238,"column":6},"end":{"line":243,"column":null}},"38":{"start":{"line":260,"column":22},"end":{"line":260,"column":null}},"39":{"start":{"line":261,"column":4},"end":{"line":264,"column":null}},"40":{"start":{"line":268,"column":4},"end":{"line":271,"column":null}},"41":{"start":{"line":273,"column":4},"end":{"line":278,"column":null}},"42":{"start":{"line":291,"column":4},"end":{"line":338,"column":null}},"43":{"start":{"line":293,"column":27},"end":{"line":293,"column":null}},"44":{"start":{"line":294,"column":6},"end":{"line":297,"column":null}},"45":{"start":{"line":295,"column":8},"end":{"line":295,"column":null}},"46":{"start":{"line":296,"column":8},"end":{"line":296,"column":null}},"47":{"start":{"line":300,"column":23},"end":{"line":302,"column":null}},"48":{"start":{"line":305,"column":18},"end":{"line":307,"column":null}},"49":{"start":{"line":310,"column":21},"end":{"line":312,"column":null}},"50":{"start":{"line":315,"column":22},"end":{"line":317,"column":null}},"51":{"start":{"line":320,"column":23},"end":{"line":322,"column":null}},"52":{"start":{"line":324,"column":6},"end":{"line":331,"column":null}},"53":{"start":{"line":333,"column":6},"end":{"line":336,"column":null}},"54":{"start":{"line":337,"column":6},"end":{"line":337,"column":null}},"55":{"start":{"line":345,"column":4},"end":{"line":345,"column":null}},"56":{"start":{"line":364,"column":46},"end":{"line":380,"column":null}},"57":{"start":{"line":372,"column":2},"end":{"line":379,"column":null}}},"fnMap":{"0":{"name":"(anonymous_0)","decl":{"start":{"line":88,"column":2},"end":{"line":88,"column":null}},"loc":{"start":{"line":95,"column":4},"end":{"line":95,"column":null}},"line":95},"1":{"name":"(anonymous_1)","decl":{"start":{"line":104,"column":8},"end":{"line":104,"column":null}},"loc":{"start":{"line":107,"column":31},"end":{"line":245,"column":null}},"line":107},"2":{"name":"(anonymous_2)","decl":{"start":{"line":161,"column":43},"end":{"line":161,"column":50}},"loc":{"start":{"line":161,"column":64},"end":{"line":211,"column":7}},"line":161},"3":{"name":"(anonymous_3)","decl":{"start":{"line":217,"column":39},"end":{"line":217,"column":40}},"loc":{"start":{"line":217,"column":46},"end":{"line":217,"column":55}},"line":217},"4":{"name":"(anonymous_4)","decl":{"start":{"line":218,"column":41},"end":{"line":218,"column":42}},"loc":{"start":{"line":218,"column":48},"end":{"line":218,"column":58}},"line":218},"5":{"name":"(anonymous_5)","decl":{"start":{"line":255,"column":8},"end":{"line":255,"column":null}},"loc":{"start":{"line":259,"column":31},"end":{"line":279,"column":null}},"line":259},"6":{"name":"(anonymous_6)","decl":{"start":{"line":288,"column":16},"end":{"line":288,"column":null}},"loc":{"start":{"line":290,"column":46},"end":{"line":339,"column":null}},"line":290},"7":{"name":"(anonymous_7)","decl":{"start":{"line":344,"column":2},"end":{"line":344,"column":26}},"loc":{"start":{"line":344,"column":26},"end":{"line":346,"column":null}},"line":344},"8":{"name":"(anonymous_8)","decl":{"start":{"line":364,"column":46},"end":{"line":364,"column":null}},"loc":{"start":{"line":371,"column":31},"end":{"line":380,"column":null}},"line":371}},"branchMap":{"0":{"loc":{"start":{"line":116,"column":6},"end":{"line":127,"column":null}},"type":"if","locations":[{"start":{"line":116,"column":6},"end":{"line":127,"column":null}},{"start":{},"end":{}}],"line":116},"1":{"loc":{"start":{"line":132,"column":6},"end":{"line":134,"column":null}},"type":"if","locations":[{"start":{"line":132,"column":6},"end":{"line":134,"column":null}},{"start":{},"end":{}}],"line":132},"2":{"loc":{"start":{"line":142,"column":6},"end":{"line":153,"column":null}},"type":"if","locations":[{"start":{"line":142,"column":6},"end":{"line":153,"column":null}},{"start":{},"end":{}}],"line":142},"3":{"loc":{"start":{"line":165,"column":23},"end":{"line":165,"column":null}},"type":"binary-expr","locations":[{"start":{"line":165,"column":23},"end":{"line":165,"column":47}},{"start":{"line":165,"column":47},"end":{"line":165,"column":null}}],"line":165},"4":{"loc":{"start":{"line":166,"column":29},"end":{"line":166,"column":null}},"type":"binary-expr","locations":[{"start":{"line":166,"column":29},"end":{"line":166,"column":68}},{"start":{"line":166,"column":68},"end":{"line":166,"column":null}}],"line":166},"5":{"loc":{"start":{"line":167,"column":30},"end":{"line":167,"column":null}},"type":"binary-expr","locations":[{"start":{"line":167,"column":30},"end":{"line":167,"column":64}},{"start":{"line":167,"column":64},"end":{"line":167,"column":null}}],"line":167},"6":{"loc":{"start":{"line":168,"column":25},"end":{"line":168,"column":null}},"type":"binary-expr","locations":[{"start":{"line":168,"column":25},"end":{"line":168,"column":66}},{"start":{"line":168,"column":66},"end":{"line":168,"column":null}}],"line":168},"7":{"loc":{"start":{"line":169,"column":29},"end":{"line":169,"column":null}},"type":"binary-expr","locations":[{"start":{"line":169,"column":29},"end":{"line":169,"column":63}},{"start":{"line":169,"column":63},"end":{"line":169,"column":null}}],"line":169},"8":{"loc":{"start":{"line":173,"column":14},"end":{"line":175,"column":null}},"type":"cond-expr","locations":[{"start":{"line":174,"column":18},"end":{"line":174,"column":null}},{"start":{"line":175,"column":18},"end":{"line":175,"column":null}}],"line":173},"9":{"loc":{"start":{"line":174,"column":21},"end":{"line":174,"column":57}},"type":"binary-expr","locations":[{"start":{"line":174,"column":21},"end":{"line":174,"column":55}},{"start":{"line":174,"column":55},"end":{"line":174,"column":57}}],"line":174},"10":{"loc":{"start":{"line":174,"column":61},"end":{"line":174,"column":96}},"type":"binary-expr","locations":[{"start":{"line":174,"column":61},"end":{"line":174,"column":94}},{"start":{"line":174,"column":94},"end":{"line":174,"column":96}}],"line":174},"11":{"loc":{"start":{"line":176,"column":22},"end":{"line":176,"column":null}},"type":"binary-expr","locations":[{"start":{"line":176,"column":22},"end":{"line":176,"column":107}},{"start":{"line":176,"column":107},"end":{"line":176,"column":null}}],"line":176},"12":{"loc":{"start":{"line":208,"column":19},"end":{"line":208,"column":null}},"type":"cond-expr","locations":[{"start":{"line":208,"column":44},"end":{"line":208,"column":60}},{"start":{"line":208,"column":60},"end":{"line":208,"column":null}}],"line":208},"13":{"loc":{"start":{"line":294,"column":6},"end":{"line":297,"column":null}},"type":"if","locations":[{"start":{"line":294,"column":6},"end":{"line":297,"column":null}},{"start":{},"end":{}}],"line":294},"14":{"loc":{"start":{"line":300,"column":23},"end":{"line":302,"column":null}},"type":"cond-expr","locations":[{"start":{"line":301,"column":10},"end":{"line":301,"column":null}},{"start":{"line":302,"column":10},"end":{"line":302,"column":null}}],"line":300},"15":{"loc":{"start":{"line":305,"column":18},"end":{"line":307,"column":null}},"type":"cond-expr","locations":[{"start":{"line":306,"column":10},"end":{"line":306,"column":null}},{"start":{"line":307,"column":10},"end":{"line":307,"column":null}}],"line":305},"16":{"loc":{"start":{"line":310,"column":21},"end":{"line":312,"column":null}},"type":"cond-expr","locations":[{"start":{"line":311,"column":10},"end":{"line":311,"column":null}},{"start":{"line":312,"column":10},"end":{"line":312,"column":null}}],"line":310},"17":{"loc":{"start":{"line":315,"column":22},"end":{"line":317,"column":null}},"type":"cond-expr","locations":[{"start":{"line":316,"column":10},"end":{"line":316,"column":null}},{"start":{"line":317,"column":10},"end":{"line":317,"column":null}}],"line":315},"18":{"loc":{"start":{"line":320,"column":23},"end":{"line":322,"column":null}},"type":"cond-expr","locations":[{"start":{"line":321,"column":10},"end":{"line":321,"column":null}},{"start":{"line":322,"column":10},"end":{"line":322,"column":null}}],"line":320}},"s":{"0":9,"1":9,"2":9,"3":9,"4":9,"5":9,"6":6,"7":6,"8":6,"9":6,"10":1,"11":1,"12":5,"13":5,"14":2,"15":3,"16":3,"17":1,"18":1,"19":2,"20":2,"21":4,"22":4,"23":4,"24":4,"25":0,"26":0,"27":2,"28":2,"29":4,"30":2,"31":4,"32":2,"33":2,"34":2,"35":2,"36":2,"37":2,"38":1,"39":1,"40":1,"41":1,"42":5,"43":5,"44":4,"45":1,"46":1,"47":3,"48":5,"49":5,"50":5,"51":5,"52":5,"53":1,"54":1,"55":2,"56":1,"57":0},"f":{"0":9,"1":6,"2":4,"3":4,"4":4,"5":1,"6":5,"7":2,"8":0},"b":{"0":[1,5],"1":[2,3],"2":[1,2],"3":[4,0],"4":[4,0],"5":[4,0],"6":[4,0],"7":[4,2],"8":[2,2],"9":[2,0],"10":[2,0],"11":[4,0],"12":[0,0],"13":[1,3],"14":[1,2],"15":[1,2],"16":[1,2],"17":[1,2],"18":[0,3]},"meta":{"lastBranch":19,"lastFunction":9,"lastStatement":58,"seen":{"f:88:2:88:Infinity":0,"s:89:12:89:Infinity":0,"s:90:12:90:Infinity":1,"s:91:12:91:Infinity":2,"s:92:12:92:Infinity":3,"s:93:12:93:Infinity":4,"s:94:12:94:Infinity":5,"f:104:8:104:Infinity":1,"s:108:22:108:Infinity":6,"s:109:4:112:Infinity":7,"s:114:4:244:Infinity":8,"b:116:6:127:Infinity:undefined:undefined:undefined:undefined":0,"s:116:6:127:Infinity":9,"s:117:8:120:Infinity":10,"s:121:8:126:Infinity":11,"s:130:27:130:Infinity":12,"b:132:6:134:Infinity:undefined:undefined:undefined:undefined":1,"s:132:6:134:Infinity":13,"s:133:8:133:Infinity":14,"s:137:25:140:Infinity":15,"b:142:6:153:Infinity:undefined:undefined:undefined:undefined":2,"s:142:6:153:Infinity":16,"s:143:8:146:Infinity":17,"s:147:8:152:Infinity":18,"s:155:6:158:Infinity":19,"s:161:28:211:Infinity":20,"f:161:43:161:50":2,"s:162:8:210:Infinity":21,"s:164:60:178:Infinity":22,"b:165:23:165:47:165:47:165:Infinity":3,"b:166:29:166:68:166:68:166:Infinity":4,"b:167:30:167:64:167:64:167:Infinity":5,"b:168:25:168:66:168:66:168:Infinity":6,"b:169:29:169:63:169:63:169:Infinity":7,"b:174:18:174:Infinity:175:18:175:Infinity":8,"b:174:21:174:55:174:55:174:57":9,"b:174:61:174:94:174:94:174:96":10,"b:176:22:176:107:176:107:176:Infinity":11,"s:181:25:190:Infinity":23,"s:192:10:198:Infinity":24,"s:200:10:203:Infinity":25,"s:204:10:209:Infinity":26,"b:208:44:208:60:208:60:208:Infinity":12,"s:214:22:214:Infinity":27,"s:217:24:217:Infinity":28,"f:217:39:217:40":3,"s:217:46:217:55":29,"s:218:26:218:Infinity":30,"f:218:41:218:42":4,"s:218:48:218:58":31,"s:219:21:219:Infinity":32,"s:221:6:224:Infinity":33,"s:226:6:231:Infinity":34,"s:233:21:233:Infinity":35,"s:234:6:237:Infinity":36,"s:238:6:243:Infinity":37,"f:255:8:255:Infinity":5,"s:260:22:260:Infinity":38,"s:261:4:264:Infinity":39,"s:268:4:271:Infinity":40,"s:273:4:278:Infinity":41,"f:288:16:288:Infinity":6,"s:291:4:338:Infinity":42,"s:293:27:293:Infinity":43,"b:294:6:297:Infinity:undefined:undefined:undefined:undefined":13,"s:294:6:297:Infinity":44,"s:295:8:295:Infinity":45,"s:296:8:296:Infinity":46,"s:300:23:302:Infinity":47,"b:301:10:301:Infinity:302:10:302:Infinity":14,"s:305:18:307:Infinity":48,"b:306:10:306:Infinity:307:10:307:Infinity":15,"s:310:21:312:Infinity":49,"b:311:10:311:Infinity:312:10:312:Infinity":16,"s:315:22:317:Infinity":50,"b:316:10:316:Infinity:317:10:317:Infinity":17,"s:320:23:322:Infinity":51,"b:321:10:321:Infinity:322:10:322:Infinity":18,"s:324:6:331:Infinity":52,"s:333:6:336:Infinity":53,"s:337:6:337:Infinity":54,"f:344:2:344:26":7,"s:345:4:345:Infinity":55,"s:364:46:380:Infinity":56,"f:364:46:364:Infinity":8,"s:372:2:379:Infinity":57}}}
}
